     1                                  ; noob-os
     2                                  ; TAB=4
     3                                  CYLS    EQU     10              ;设定柱面的个数
     4                                      ORG     0x7c00              ;指明程序装载的地址           0x00007c00-0x00007dff启动区内容装载地址，规定
     5                                  ; 标准FAT12格式软盘专用的代码(可参考FAT12引导扇区的格式 https://zhuanlan.zhihu.com/p/121807427)(0,62)
     6 00000000 EB4E                        JMP     entry
     7 00000002 90                          DB      0x90                ;BS_jmpBOOT(0,3)              jmp LABEL_START nop
     8 00000003 4E4F4F424C4F4144            DB      "NOOBLOAD"          ;BS_OEMName(3,8)              启动区的名称可以是任意字符(8字节)厂商名
     9 0000000B 0002                        DW      512                 ;BPB_BytesPerSec(11,2)        每个扇区(sector)的大小(必须是512字节)
    10 0000000D 01                          DB      1                   ;BPB_SecPerClus(13,1)         簇(cluster)windows/块(block)linux的大小(逻辑概念)
    11 0000000E 0100                        DW      1                   ;BPB_ResvdSecCnt(14,2)        MBR占用扇区数
    12 00000010 02                          DB      2                   ;BPB_NumFATs(16,1)            FAT的个数FAT的个数(共有多少个FAT表，必须是2)
    13 00000011 E000                        DW      224                 ;BPB_RootEntCnt(17,2)         根目录文件数的最大值(一般设置成224 0xe0)
    14 00000013 E808                        DW      2280                ;BPB_TotSec16(19,2)           该磁盘的大小(必须是2880 0xb40)
    15 00000015 F0                          DB      0xf0                ;BPB_Media(21,1)              介质描述符
    16 00000016 0900                        DW      9                   ;BPB_FATSz16(22,2)            一个FAT表所占的扇区数 9
    17 00000018 1200                        DW      18                  ;BPB_SecPerTrk(24,2)          每个磁道(track)所占的扇区数  18
    18 0000001A 0200                        DW      2                   ;BPB_NumHeads(26,2)           磁头数 2
    19 0000001C 00000000                    DD      0                   ;BPB_HiddSec(28,4)            隐藏扇区数(不适用分区必须是0)
    20 00000020 400B0000                    DD      2880                ;BPB_TotSec32(32,4)           如果BPB_TotSec16=0,则这里给出扇区总数 2880
    21 00000024 00                          DB      0                   ;BS_DrvNum(36,1)              INT 13H的驱动器号
    22 00000025 00                          DB      0                   ;BS_Reserved1(37,1)           保留位
    23 00000026 29                          DB      0x29                ;BS_BootSig(38,1)             扩展引导标记
    24 00000027 FFFFFFFF                    DD      0xffffffff          ;BS_VoIID(39,4)               卷序列号
    25 0000002B 4E4F4F422D4F532020-         DB      "NOOB-OS    "       ;BS_VOILab(43,11)             卷标
    25 00000034 2020               
    26 00000036 4641543132202020            DB      "FAT12   "          ;BS_FileSysType(54,8)         文件系统类型,'FAT12'
    27 0000003E <res 12h>                   RESB    18                  ;空出18个字节(62,18)          ?这个地方为什么要空18个字节，不是很理解，但是不加就有问题
    27          ******************       warning: uninitialized space declared in .text section: zeroing [-w+zeroing]
    28                                   
    29                                  ; 程序主体(80,36)
    30                                  entry:
    31 00000050 B80000                      MOV     AX,0                ;寄存器初始化
    32 00000053 8ED0                        MOV     SS,AX               
    33 00000055 BC007C                      MOV     SP,0x7c00
    34 00000058 8ED8                        MOV     DS,AX               ;DS初始化,DS是默认段寄存器,只要指定内存的地址，必须同时指定段寄存器,不指定的话默认是DS
    35                                  ; 读盘
    36 0000005A B82008                      MOV     AX,0x0820
    37 0000005D 8EC0                        MOV     ES,AX
    38 0000005F B500                        MOV     CH,0                ;指定0号柱面
    39 00000061 B600                        MOV     DH,0                ;指定0号磁头
    40 00000063 B102                        MOV     CL,2                ;指定2号扇面
    41                                  readloop:
    42 00000065 BE0000                      MOV     SI,0                ;记录失败的次数 
    43                                  retry:
    44 00000068 B402                        MOV     AH,0x02             ;设定是读盘操作
    45 0000006A B001                        MOV     AL,1                ;设定处理的扇区数为1
    46 0000006C BB0000                      MOV     BX,0                ;初始化BX寄存器，作为缓冲地址的初始地址
    47 0000006F B200                        MOV     DL,0x00             ;设定驱动器号
    48 00000071 CD13                        INT     0x13                ;调用0x13号中断函数把C0-H0-S2的内容装载到0x08200-0x83ff
    49 00000073 7310                        JNC     next                ;没出错就跳转next
    50 00000075 83C601                      ADD     SI,1                ;出错SI加1
    51 00000078 83FE05                      CMP     SI,5                ;比较SI与5
    52 0000007B 7340                        JAE     error               ;SI>=5时，跳转到error
    53 0000007D B400                        MOV     AH,0x00
    54 0000007F B200                        MOV     DL,0x00             ;设定驱动器号
    55 00000081 CD13                        INT     0x13                ;重置驱动
    56 00000083 EBE3                        JMP     retry   
    57                                  next:
    58 00000085 8CC0                        MOV     AX,ES               ;把内存地址往后移0x200
    59 00000087 83C020                      ADD     AX,0x0020           ;为啥这里是0x0020,因为段寄存器要乘以16
    60 0000008A 8EC0                        MOV     ES,AX               ;没有ADD ES,0x020指令，所以这里绕一下
    61 0000008C 80C101                      ADD     CL,1                ;扇面数+1
    62 0000008F 80F912                      CMP     CL,18               ;比较扇面数与18
    63 00000092 76D1                        JBE     readloop            ;小于等于则继续读下一个扇面
    64 00000094 B101                        MOV     CL,1                ;重新设置扇面数为1
    65 00000096 80C601                      ADD     DH,1                ;磁头号+1
    66 00000099 80FE02                      CMP     DH,2                
    67 0000009C 76C7                        JBE     readloop            ;如果磁头号小于2,说明正反面没读完，继续加载
    68 0000009E B600                        MOV     DH,0                ;重置磁头号是0
    69 000000A0 80C501                      ADD     CH,1                ;柱面号+1
    70 000000A3 80FD0A                      CMP     CH,CYLS             
    71 000000A6 72BD                        JB      readloop            ;如果柱面号小于指定柱面号CYLS,继续加载
    72                                  putloop:
    73 000000A8 8A04                        MOV     AL,[SI]             ;将SI地址的1字节内容读入到AL,MOV必须保证源数据和目的数据必须一致。[]表示内存地址的意思,[]可作用的寄存器有限,(可作用数字)只有BX、BP、SI、DI。其它寄存器没有对应电路
    74 000000AA 83C601                      ADD     SI,1                ;将SI地址加1
    75 000000AD 3C00                        CMP     AL,0                ;如果此时AL里面的值是0就跳到fin方法
    76 000000AF 7409                        JE      fin         
    77 000000B1 B40E                        MOV     AH,0x0e             ;显示一个文字
    78 000000B3 BB0F00                      MOV     BX,15               ;指定字符的颜色
    79 000000B6 CD10                        INT     0x10                ;中断,调用0x10(16号函数)控制显卡让字符显示出来
    80 000000B8 EBEE                        JMP     putloop
    81                                  fin:
    82 000000BA F4                          HLT                         ;让CPU进入待机状态(halt停止)
    83 000000BB EBFD                        JMP     fin                 ;无限循环
    84                                  error:
    85 000000BD BE[C000]                    MOV     SI,msg
    86                                  msg:
    87 000000C0 0A0A                        DB      0x0a,0x0a           ;两个换行
    88 000000C2 4C4F41442C4552524F-         DB      "LOAD,ERROR"
    88 000000CB 52                 
    89 000000CC 0A                          DB      0x0a                ;换行
    90 000000CD 00                          DB      0
    91                                      
    92                                     ;RESB    0x7dfe-$            ;nask填充0x00直到0x7dfe(510)这个地址
    93 000000CE 00<rep 130h>            	times 	510-($-$$) db 0		;nasm与上面同理	
    94                                  ; 启动区结束符(510,2)
    95 000001FE 55AA                        DB       0x55, 0xaa
    96                                   
    97                                  ; 启动区外(512,1868920)
    98                                  ;	DB		0xf0, 0xff, 0xff, 0x00, 0x00, 0x00, 0x00, 0x00      ;一个FAT表是9个扇区也就是4608个字节,每个簇占12个字节,0和1簇不能使用，存储坏簇和结尾簇符号0xff0和0xfff(inter采用大端存储所以坏簇是0xf0f)
    99                                  ;	RESB	4600                                                ;预留4600个字节补零
   100                                  ;	DB		0xf0, 0xff, 0xff, 0x00, 0x00, 0x00, 0x00, 0x00      ;FAT表2
   101                                  ;	RESB	1469432                                             ;预留1469432个字节补零
